<?xml version="1.0" encoding="UTF-8" ?>
<testsuite tests="1" failures="0" name="bit.es.AppTest" time="0.004" errors="0" skipped="0">
  <properties>
    <property name="java.runtime.name" value="Java(TM) SE Runtime Environment"/>
    <property name="sun.boot.library.path" value="D:\Program Files\Java\jdk1.8.0_211\jre\bin"/>
    <property name="java.vm.version" value="25.211-b12"/>
    <property name="java.vm.vendor" value="Oracle Corporation"/>
    <property name="maven.multiModuleProjectDirectory" value="D:\Shared\MyFiles\BIT\Spring5\workspace\base-spring-app"/>
    <property name="java.vendor.url" value="http://java.oracle.com/"/>
    <property name="path.separator" value=";"/>
    <property name="guice.disable.misplaced.annotation.check" value="true"/>
    <property name="java.vm.name" value="Java HotSpot(TM) 64-Bit Server VM"/>
    <property name="file.encoding.pkg" value="sun.io"/>
    <property name="user.script" value=""/>
    <property name="user.country" value="ES"/>
    <property name="sun.java.launcher" value="SUN_STANDARD"/>
    <property name="sun.os.patch.level" value=""/>
    <property name="java.vm.specification.name" value="Java Virtual Machine Specification"/>
    <property name="user.dir" value="D:\Shared\MyFiles\BIT\Spring5\workspace\base-spring-app"/>
    <property name="java.runtime.version" value="1.8.0_211-b12"/>
    <property name="java.awt.graphicsenv" value="sun.awt.Win32GraphicsEnvironment"/>
    <property name="java.endorsed.dirs" value="D:\Program Files\Java\jdk1.8.0_211\jre\lib\endorsed"/>
    <property name="os.arch" value="amd64"/>
    <property name="java.io.tmpdir" value="C:\Users\ricardo\AppData\Local\Temp\"/>
    <property name="line.separator" value="
"/>
    <property name="java.vm.specification.vendor" value="Oracle Corporation"/>
    <property name="user.variant" value=""/>
    <property name="os.name" value="Windows 10"/>
    <property name="classworlds.conf" value="D:\Program Files\apache-maven-3.5.3\bin\..\bin\m2.conf"/>
    <property name="sun.jnu.encoding" value="Cp1252"/>
    <property name="java.library.path" value="D:\Program Files\Java\jdk1.8.0_211\bin;C:\WINDOWS\Sun\Java\bin;C:\WINDOWS\system32;C:\WINDOWS;D:\Program Files\cmder_mini\bin;D:\Program Files\cmder_mini\vendor\conemu-maximus5\ConEmu\Scripts;D:\Program Files\cmder_mini\vendor\conemu-maximus5;D:\Program Files\cmder_mini\vendor\conemu-maximus5\ConEmu;C:\Program Files (x86)\Common Files\Oracle\Java\javapath;C:\ProgramData\Oracle\Java\javapath;C:\WINDOWS\system32;C:\WINDOWS;C:\WINDOWS\System32\Wbem;C:\WINDOWS\System32\WindowsPowerShell\v1.0\;C:\Users\ricardo\AppData\Roaming\nvm;C:\Program Files\nodejs;C:\Program Files\Git\cmd;C:\Program Files\SlikSvn\bin;C:\ProgramData\chocolatey\bin;D:\Program Files\openshift-origin-client-tools-v3.7.2-282e43f-windows;C:\Program Files\PuTTY\;D:\Program Files\apache-maven-3.5.3\bin;D:\Shared\MyPrograms\Tail-4.2.12;C:\WINDOWS\System32\OpenSSH\;C:\Program Files (x86)\Yarn\bin\;C:\Program Files\Microsoft VS Code\bin;C:\Program Files (x86)\Graphviz2.38\bin;C:\Users\ricardo\AppData\Local\Microsoft\WindowsApps;C:\Users\ricardo\AppData\Roaming\npm;C:\Users\ricardo\AppData\Local\GitHubDesktop\bin;C:\Program Files\Heroku\bin;C:\Users\ricardo\AppData\Local\Programs\Python\Python36\;C:\Users\ricardo\AppData\Local\Programs\Python\Python36\Scripts;C:\Users\ricardo\AppData\Local\Yarn\bin;D:\Program Files\spring-2.1.1.RELEASE\;D:\Program Files\terraform;C:\Program Files\R\R-3.5.2\bin;C:\Program Files\nodejs\;C:\Program Files\dotnet\;C:\Program Files\Microsoft SQL Server\130\Tools\Binn\;C:\Program Files\Cloud Foundry;C:\WINDOWS\system32;C:\WINDOWS;C:\WINDOWS\System32\Wbem;C:\WINDOWS\System32\WindowsPowerShell\v1.0\;C:\WINDOWS\System32\OpenSSH\;C:\Users\ricardo\.dotnet\tools;D:\Program Files\nuget;D:\Program Files\gradle-5.6.1\bin;C:\Program Files (x86)\Microsoft Visual Studio\2017\BuildTools\MSBuild\15.0\Bin;C:\Users\ricardo\AppData\Local\Microsoft\WindowsApps;C:\Program Files\Microsoft VS Code\bin;C:\Users\ricardo\AppData\Roaming\nvm;C:\Program Files\nodejs;C:\Users\ricardo\AppData\Local\GitHubDesktop\bin;C:\Program Files\Heroku\bin;C:\Users\ricardo\AppData\Local\Microsoft\WindowsApps;C:\Users\ricardo\AppData\Local\Programs\Python\Python36\;C:\Users\ricardo\AppData\Local\Programs\Python\Python36\Scripts;C:\Users\ricardo\AppData\Local\Yarn\bin;D:\Program Files\spring-2.1.1.RELEASE\bin;D:\Shared\MyApps\android-sdk\platform-tools;D:\Shared\MyApps\kubernetes;C:\Users\ricardo\AppData\Roaming\npm;D:\Program Files\azcopy_windows_amd64_10.2.1;;C:\Program Files\Git\usr\bin;C:\Program Files\Git\usr\share\vim\vim74;D:\Program Files\cmder_mini\;."/>
    <property name="maven.conf" value="D:\Program Files\apache-maven-3.5.3\bin\../conf"/>
    <property name="java.specification.name" value="Java Platform API Specification"/>
    <property name="java.class.version" value="52.0"/>
    <property name="sun.management.compiler" value="HotSpot 64-Bit Tiered Compilers"/>
    <property name="os.version" value="10.0"/>
    <property name="library.jansi.path" value="D:\Program Files\apache-maven-3.5.3\bin\..\lib\jansi-native"/>
    <property name="user.home" value="C:\Users\ricardo"/>
    <property name="user.timezone" value="Europe/Paris"/>
    <property name="java.awt.printerjob" value="sun.awt.windows.WPrinterJob"/>
    <property name="java.specification.version" value="1.8"/>
    <property name="file.encoding" value="Cp1252"/>
    <property name="user.name" value="ricardo"/>
    <property name="java.class.path" value="D:\Program Files\apache-maven-3.5.3\bin\..\boot\plexus-classworlds-2.5.2.jar"/>
    <property name="java.vm.specification.version" value="1.8"/>
    <property name="sun.arch.data.model" value="64"/>
    <property name="java.home" value="D:\Program Files\Java\jdk1.8.0_211\jre"/>
    <property name="sun.java.command" value="org.codehaus.plexus.classworlds.launcher.Launcher test"/>
    <property name="java.specification.vendor" value="Oracle Corporation"/>
    <property name="user.language" value="es"/>
    <property name="awt.toolkit" value="sun.awt.windows.WToolkit"/>
    <property name="java.vm.info" value="mixed mode"/>
    <property name="java.version" value="1.8.0_211"/>
    <property name="java.ext.dirs" value="D:\Program Files\Java\jdk1.8.0_211\jre\lib\ext;C:\WINDOWS\Sun\Java\lib\ext"/>
    <property name="sun.boot.class.path" value="D:\Program Files\Java\jdk1.8.0_211\jre\lib\resources.jar;D:\Program Files\Java\jdk1.8.0_211\jre\lib\rt.jar;D:\Program Files\Java\jdk1.8.0_211\jre\lib\sunrsasign.jar;D:\Program Files\Java\jdk1.8.0_211\jre\lib\jsse.jar;D:\Program Files\Java\jdk1.8.0_211\jre\lib\jce.jar;D:\Program Files\Java\jdk1.8.0_211\jre\lib\charsets.jar;D:\Program Files\Java\jdk1.8.0_211\jre\lib\jfr.jar;D:\Program Files\Java\jdk1.8.0_211\jre\classes"/>
    <property name="sun.stderr.encoding" value="cp437"/>
    <property name="java.vendor" value="Oracle Corporation"/>
    <property name="maven.home" value="D:\Program Files\apache-maven-3.5.3\bin\.."/>
    <property name="file.separator" value="\"/>
    <property name="java.vendor.url.bug" value="http://bugreport.sun.com/bugreport/"/>
    <property name="sun.cpu.endian" value="little"/>
    <property name="sun.io.unicode.encoding" value="UnicodeLittle"/>
    <property name="sun.stdout.encoding" value="cp437"/>
    <property name="sun.desktop" value="windows"/>
    <property name="sun.cpu.isalist" value="amd64"/>
  </properties>
  <testcase classname="bit.es.AppTest" name="testApp" time="0.004"/>
</testsuite>